<?xml version="1.0" encoding="UTF-8"?>
<testng-results skipped="0" failed="0" ignored="0" total="1" passed="1">
  <reporter-output>
  </reporter-output>
  <suite name="Default suite" duration-ms="25604" started-at="2018-10-05T06:59:33Z" finished-at="2018-10-05T06:59:59Z">
    <groups>
    </groups>
    <test name="Default test" duration-ms="25604" started-at="2018-10-05T06:59:33Z" finished-at="2018-10-05T06:59:59Z">
      <class name="test_cases.Login_Tour">
        <test-method status="PASS" signature="openbrowser()[pri:0, instance:test_cases.Login_Tour@4501b7af]" name="openbrowser" is-config="true" duration-ms="26934" started-at="2018-10-05T16:59:06Z" finished-at="2018-10-05T16:59:33Z">
          <reporter-output>
          </reporter-output>
        </test-method> <!-- openbrowser -->
        <test-method status="PASS" signature="Login()[pri:0, instance:test_cases.Login_Tour@4501b7af]" name="Login" duration-ms="25376" started-at="2018-10-05T16:59:33Z" finished-at="2018-10-05T16:59:59Z">
          <reporter-output>
          </reporter-output>
        </test-method> <!-- Login -->
        <test-method status="PASS" signature="closebrowser()[pri:0, instance:test_cases.Login_Tour@4501b7af]" name="closebrowser" is-config="true" duration-ms="6850" started-at="2018-10-05T16:59:59Z" finished-at="2018-10-05T17:00:06Z">
          <reporter-output>
          </reporter-output>
        </test-method> <!-- closebrowser -->
      </class> <!-- test_cases.Login_Tour -->
    </test> <!-- Default test -->
  </suite> <!-- Default suite -->
</testng-results>
