<?xml version="1.0" encoding="UTF-8"?>
<testng-results skipped="0" failed="0" ignored="0" total="1" passed="1">
  <reporter-output>
  </reporter-output>
  <suite name="Default suite" duration-ms="24567" started-at="2018-10-05T07:33:27Z" finished-at="2018-10-05T07:33:51Z">
    <groups>
    </groups>
    <test name="Default test" duration-ms="24567" started-at="2018-10-05T07:33:27Z" finished-at="2018-10-05T07:33:51Z">
      <class name="Test_cases.Login_Tour">
        <test-method status="PASS" signature="openbrowser()[pri:0, instance:Test_cases.Login_Tour@4501b7af]" name="openbrowser" is-config="true" duration-ms="33835" started-at="2018-10-05T17:32:53Z" finished-at="2018-10-05T17:33:27Z">
          <reporter-output>
          </reporter-output>
        </test-method> <!-- openbrowser -->
        <test-method status="PASS" signature="Login()[pri:0, instance:Test_cases.Login_Tour@4501b7af]" name="Login" duration-ms="24537" started-at="2018-10-05T17:33:27Z" finished-at="2018-10-05T17:33:51Z">
          <reporter-output>
          </reporter-output>
        </test-method> <!-- Login -->
        <test-method status="PASS" signature="closebrowser()[pri:0, instance:Test_cases.Login_Tour@4501b7af]" name="closebrowser" is-config="true" duration-ms="8460" started-at="2018-10-05T17:33:51Z" finished-at="2018-10-05T17:34:00Z">
          <reporter-output>
          </reporter-output>
        </test-method> <!-- closebrowser -->
      </class> <!-- Test_cases.Login_Tour -->
    </test> <!-- Default test -->
  </suite> <!-- Default suite -->
</testng-results>
